[    2429ms] [INFO] %cDownload the React DevTools for a better development experience: https://react.dev/link/react-devtools font-weight:bold @ webpack-internal:///(app-pages-browser)/../../node_modules/.pnpm/next@15.5.14_@babel+core@7.28.5_@opentelemetry+api@1.9.0_react-dom@19.1.1_react@19.1.1__react@19.1.1/node_modules/next/dist/compiled/react-dom/cjs/react-dom-client.development.js:25630
[    2990ms] [ERROR] A tree hydrated but some attributes of the server rendered HTML didn't match the client properties. This won't be patched up. This can happen if a SSR-ed Client Component used:

- A server/client branch `if (typeof window !== 'undefined')`.
- Variable input such as `Date.now()` or `Math.random()` which changes each time it's called.
- Date formatting in a user's locale which doesn't match the server.
- External changing data without sending a snapshot of it along with the HTML.
- Invalid HTML tag nesting.

It can also happen if the client has a browser extension installed which messes with the HTML before React loaded.

%s%s https://react.dev/link/hydration-mismatch 

  ...
    <DocPage>
      <script>
      <script>
      <div data-slot="docs" className="flex items...">
        <div className="flex min-w...">
          <div className="mx-auto fl...">
            <div>
            <div className="w-full fle...">
              <MDXContent>
                <ComponentPreview>
                  <ComponentPreviewTabs name="hexagon-pa..." align="center" hideCode={false} ...>
                    ...
                      <div data-align="center" className="preview fl...">
                        <HexagonPatternDemo>
                          <div className="bg-backgro...">
                            <HexagonPattern hexagons={[...]} className="mask-[radi...">
                              <svg aria-hidden="true" className="pointer-ev...">
                                <defs>
                                  <pattern id="_R_160pf5e..." width={120} height={69.28203230275508} ...>
                                    <polygon
                                      className="fill-none"
+                                     points="70,34.64101615137754 50,69.28203230275508 10.000000000000007,69.28203230..."
-                                     points="70,34.64101615137754 50,69.28203230275508 10.000000000000007,69.28203230..."
                                      strokeDasharray="0"
                                    >
                                    <polygon>
                                    <polygon>
                                    <polygon
                                      className="fill-none"
+                                     points="190,34.64101615137754 170,69.28203230275508 130,69.28203230275508 110,34..."
-                                     points="190,34.64101615137754 170,69.28203230275508 130,69.28203230275508 110,34..."
                                      strokeDasharray="0"
                                    >
                                    <polygon>
                                    <polygon>
                                    <polygon
                                      className="fill-none"
+                                     points="130,69.28203230275508 110,103.92304845413263 70,103.92304845413264 50,69..."
-                                     points="130,69.28203230275508 110,103.92304845413263 70,103.92304845413264 50,69..."
                                      strokeDasharray="0"
                                    >
                                    <polygon
                                      className="fill-none"
+                                     points="130,0 110,34.64101615137754 70,34.64101615137755 50,4.898587196589413e-1..."
-                                     points="130,0 110,34.64101615137754 70,34.64101615137755 50,4.898587196589413e-1..."
                                      strokeDasharray="0"
                                    >
                                    <polygon
                                      className="fill-none"
+                                     points="10,69.28203230275508 -9.999999999999996,103.92304845413263 -49.999999999..."
-                                     points="10,69.28203230275508 -9.999999999999996,103.92304845413263 -49.999999999..."
                                      strokeDasharray="0"
                                    >
                                    <polygon
                                      className="fill-none"
+                                     points="10,0 -9.999999999999996,34.64101615137754 -49.99999999999999,34.64101615..."
-                                     points="10,0 -9.999999999999996,34.64101615137754 -49.99999999999999,34.64101615..."
                                      strokeDasharray="0"
                                    >
                                <rect>
                                <svg aria-hidden="true" className="overflow-v..." x={-1} y={-1}>
                                  <polygon
+                                   points="129,138.56406460551017 109.5,172.33905535310328 70.5,172.33905535310328 51..."
-                                   points="129,138.56406460551017 109.5,172.33905535310328 70.5,172.33905535310328 51..."
                                    strokeWidth="0"
                                  >
                                  ...
              <h2>
              <Tabs>
              <h2>
              <h3>
              ...
                <div data-tab="preview" className="data-[tab=...">
                  <div data-slot="preview" data-active={true} className="invisible ...">
                    <div>
                    <div data-align="center" className="preview fl...">
                      <HexagonPatternLinearGradient>
                        <div className="bg-backgro...">
                          <HexagonPattern radius={40} x={-1} y={-1} className="[mask-imag...">
                            <svg aria-hidden="true" className="pointer-ev...">
                              <defs>
                                <pattern id="_R_165pf5e..." width={120} height={69.28203230275508} ...>
                                  <polygon
                                    className="fill-none"
+                                   points="70,34.64101615137754 50,69.28203230275508 10.000000000000007,69.2820323027..."
-                                   points="70,34.64101615137754 50,69.28203230275508 10.000000000000007,69.2820323027..."
                                    strokeDasharray="0"
                                  >
                                  <polygon>
                                  <polygon>
                                  <polygon
                                    className="fill-none"
+                                   points="190,34.64101615137754 170,69.28203230275508 130,69.28203230275508 110,34.6..."
-                                   points="190,34.64101615137754 170,69.28203230275508 130,69.28203230275508 110,34.6..."
                                    strokeDasharray="0"
                                  >
                                  <polygon>
                                  <polygon>
                                  <polygon
                                    className="fill-none"
+                                   points="130,69.28203230275508 110,103.92304845413263 70,103.92304845413264 50,69.2..."
-                                   points="130,69.28203230275508 110,103.92304845413263 70,103.92304845413264 50,69.2..."
                                    strokeDasharray="0"
                                  >
                                  <polygon
                                    className="fill-none"
+                                   points="130,0 110,34.64101615137754 70,34.64101615137755 50,4.898587196589413e-15 ..."
-                                   points="130,0 110,34.64101615137754 70,34.64101615137755 50,4.898587196589413e-15 ..."
                                    strokeDasharray="0"
                                  >
                                  <polygon
                                    className="fill-none"
+                                   points="10,69.28203230275508 -9.999999999999996,103.92304845413263 -49.99999999999..."
-                                   points="10,69.28203230275508 -9.999999999999996,103.92304845413263 -49.99999999999..."
                                    strokeDasharray="0"
                                  >
                                  <polygon
                                    className="fill-none"
+                                   points="10,0 -9.999999999999996,34.64101615137754 -49.99999999999999,34.6410161513..."
-                                   points="10,0 -9.999999999999996,34.64101615137754 -49.99999999999999,34.6410161513..."
                                    strokeDasharray="0"
                                  >
                              ...
                  ...
              <h3>
              ...
                <div data-tab="preview" className="data-[tab=...">
                  <div data-slot="preview" data-active={true} className="invisible ...">
                    <div>
                    <div data-align="center" className="preview fl...">
                      <HexagonPatternDashed>
                        <div className="bg-backgro...">
                          <HexagonPattern radius={40} x={-1} y={-1} strokeDasharray="4 2">
                            <svg aria-hidden="true" className="pointer-ev...">
                              <defs>
                                <pattern id="_R_167pf5e..." width={120} height={69.28203230275508} ...>
                                  <line>
                                  <line>
                                  <line>
                                  <line
                                    className="fill-none"
                                    x1={-10}
                                    x2={9.999999999999982}
                                    y1={34.64101615137755}
+                                   y2={7.105427357601002e-15}
-                                   y2="0"
                                    strokeDasharray="4 2"
                                  >
                                  <line
                                    className="fill-none"
                                    x1={9.999999999999982}
                                    x2={50}
+                                   y1={7.105427357601002e-15}
-                                   y1="0"
                                    y2={0}
                                    strokeDasharray="4 2"
                                  >
                                  <line>
                                  <line>
                                  <line>
                                  <line>
                                  <line>
                                  <line>
                                  <line>
                                  <line>
                                  <line>
                                  <line>
                                  <line>
                                  <line>
                                  <line>
                                  <line>
                                  <line
                                    className="fill-none"
                                    x1={110}
                                    x2={129.99999999999997}
                                    y1={34.64101615137755}
+                                   y2={7.105427357601002e-15}
-                                   y2="0"
                                    strokeDasharray="4 2"
                                  >
                                  <line
                                    className="fill-none"
                                    x1={129.99999999999997}
                                    x2={170}
+                                   y1={7.105427357601002e-15}
-                                   y1="0"
                                    y2={0}
                                    strokeDasharray="4 2"
                                  >
                                  <line>
                                  <line>
                                  <line>
                                  <line>
                                  <line>
                                  <line>
                                  <line>
                                  <line>
                                  <line>
                                  <line>
                                  <line>
                                  <line>
                                  <line
                                    className="fill-none"
                                    x1={69.99999999999999}
                                    x2={110}
+                                   y1={34.64101615137755}
-                                   y1="34.64101615137754"
                                    y2={34.64101615137754}
                                    strokeDasharray="4 2"
                                  >
                                  <line
                                    className="fill-none"
                                    x1={69.99999999999999}
                                    x2={110}
+                                   y1={-34.641016151377535}
-                                   y1="-34.64101615137754"
                                    y2={-34.64101615137754}
                                    strokeDasharray="4 2"
                                  >
                                  <line>
                                  <line>
                                  <line
                                    className="fill-none"
                                    x1={-70}
                                    x2={-50.000000000000014}
                                    y1={69.28203230275508}
+                                   y2={34.64101615137755}
-                                   y2="34.64101615137754"
                                    strokeDasharray="4 2"
                                  >
                                  <line
                                    className="fill-none"
                                    x1={-50.000000000000014}
                                    x2={-9.999999999999996}
+                                   y1={34.64101615137755}
-                                   y1="34.64101615137754"
                                    y2={34.64101615137754}
                                    strokeDasharray="4 2"
                                  >
                                  <line>
                                  <line
                                    className="fill-none"
                                    x1={-70}
                                    x2={-50.000000000000014}
                                    y1={4.898587196589413e-15}
+                                   y2={-34.641016151377535}
-                                   y2="-34.64101615137754"
                                    strokeDasharray="4 2"
                                  >
                                  <line
                                    className="fill-none"
                                    x1={-50.000000000000014}
                                    x2={-9.999999999999996}
+                                   y1={-34.641016151377535}
-                                   y1="-34.64101615137754"
                                    y2={-34.64101615137754}
                                    strokeDasharray="4 2"
                                  >
                              ...
                  ...
              <h3>
              ...
                <div data-tab="preview" className="data-[tab=...">
                  <div data-slot="preview" data-active={true} className="invisible ...">
                    <div>
                    <div data-align="center" className="preview fl...">
                      <HexagonPatternSpacing>
                        <div className="bg-backgro...">
                          <HexagonPattern gap={20} radius={40} x={-1} y={-1}>
                            <svg aria-hidden="true" className="pointer-ev...">
                              <defs>
                                <pattern id="_R_169pf5e..." width={154.64101615137753} height={89.28203230275508} ...>
                                  <polygon
                                    className="fill-none"
+                                   points="78.66025403784438,44.64101615137754 58.66025403784438,79.28203230275508 18..."
-                                   points="78.66025403784438,44.64101615137754 58.66025403784438,79.28203230275508 18..."
                                    strokeDasharray="0"
                                  >
                                  <polygon
                                    className="fill-none"
+                                   points="233.3012701892219,44.64101615137754 213.3012701892219,79.28203230275508 17..."
-                                   points="233.3012701892219,44.64101615137754 213.3012701892219,79.28203230275508 17..."
                                    strokeDasharray="0"
                                  >
                                  <polygon
                                    className="fill-none"
+                                   points="155.98076211353316,89.28203230275508 135.98076211353316,123.92304845413263..."
-                                   points="155.98076211353316,89.28203230275508 135.98076211353316,123.92304845413263..."
                                    strokeDasharray="0"
                                  >
                                  <polygon
                                    className="fill-none"
+                                   points="155.98076211353316,0 135.98076211353316,34.64101615137754 95.9807621135331..."
-                                   points="155.98076211353316,0 135.98076211353316,34.64101615137754 95.9807621135331..."
                                    strokeDasharray="0"
                                  >
                                  <polygon
                                    className="fill-none"
+                                   points="1.339745962155618,89.28203230275508 -18.66025403784438,123.92304845413263 ..."
-                                   points="1.339745962155618,89.28203230275508 -18.66025403784438,123.92304845413263 ..."
                                    strokeDasharray="0"
                                  >
                                  <polygon
                                    className="fill-none"
+                                   points="1.339745962155618,0 -18.66025403784438,34.64101615137754 -58.6602540378443..."
-                                   points="1.339745962155618,0 -18.66025403784438,34.64101615137754 -58.6602540378443..."
                                    strokeDasharray="0"
                                  >
                              ...
                  ...
              ...
          ...
        ...
 @ webpack-internal:///(app-pages-browser)/../../node_modules/.pnpm/next@15.5.14_@babel+core@7.28.5_@opentelemetry+api@1.9.0_react-dom@19.1.1_react@19.1.1__react@19.1.1/node_modules/next/dist/next-devtools/userspace/app/errors/intercept-console-error.js:56
[   24518ms] [LOG] [Fast Refresh] rebuilding @ webpack-internal:///(app-pages-browser)/../../node_modules/.pnpm/next@15.5.14_@babel+core@7.28.5_@opentelemetry+api@1.9.0_react-dom@19.1.1_react@19.1.1__react@19.1.1/node_modules/next/dist/client/dev/hot-reloader/app/hot-reloader-app.js:196
[   25169ms] [LOG] [Fast Refresh] done in 652ms @ webpack-internal:///(app-pages-browser)/../../node_modules/.pnpm/next@15.5.14_@babel+core@7.28.5_@opentelemetry+api@1.9.0_react-dom@19.1.1_react@19.1.1__react@19.1.1/node_modules/next/dist/client/dev/report-hmr-latency.js:13
[   31046ms] [LOG] [Fast Refresh] rebuilding @ webpack-internal:///(app-pages-browser)/../../node_modules/.pnpm/next@15.5.14_@babel+core@7.28.5_@opentelemetry+api@1.9.0_react-dom@19.1.1_react@19.1.1__react@19.1.1/node_modules/next/dist/client/dev/hot-reloader/app/hot-reloader-app.js:196
[   33652ms] [LOG] [Fast Refresh] done in 2606ms @ webpack-internal:///(app-pages-browser)/../../node_modules/.pnpm/next@15.5.14_@babel+core@7.28.5_@opentelemetry+api@1.9.0_react-dom@19.1.1_react@19.1.1__react@19.1.1/node_modules/next/dist/client/dev/report-hmr-latency.js:13
[   37778ms] [LOG] [Fast Refresh] rebuilding @ webpack-internal:///(app-pages-browser)/../../node_modules/.pnpm/next@15.5.14_@babel+core@7.28.5_@opentelemetry+api@1.9.0_react-dom@19.1.1_react@19.1.1__react@19.1.1/node_modules/next/dist/client/dev/hot-reloader/app/hot-reloader-app.js:196
[   38495ms] [LOG] [Fast Refresh] done in 717ms @ webpack-internal:///(app-pages-browser)/../../node_modules/.pnpm/next@15.5.14_@babel+core@7.28.5_@opentelemetry+api@1.9.0_react-dom@19.1.1_react@19.1.1__react@19.1.1/node_modules/next/dist/client/dev/report-hmr-latency.js:13
[   42042ms] [WARNING] The resource http://localhost:3000/_next/static/css/app/layout.css?v=1775563654437 was preloaded using link preload but not used within a few seconds from the window's load event. Please make sure it has an appropriate `as` value and it is preloaded intentionally. @ http://localhost:3000/docs/components/hexagon-pattern:0
[   42042ms] [WARNING] The resource http://localhost:3000/_next/static/css/app/(docs)/docs/%5B%5B...slug%5D%5D/page.css?v=1775563654437 was preloaded using link preload but not used within a few seconds from the window's load event. Please make sure it has an appropriate `as` value and it is preloaded intentionally. @ http://localhost:3000/docs/components/hexagon-pattern:0
